<?xml version="1.0" encoding="UTF-8"?>
<testng-results ignored="0" total="3" passed="3" failed="0" skipped="0">
  <reporter-output>
  </reporter-output>
  <suite started-at="2020-10-26T03:46:06Z" name="Suite" finished-at="2020-10-26T03:48:10Z" duration-ms="123426">
    <groups>
    </groups>
    <test started-at="2020-10-26T03:46:06Z" name="Test" finished-at="2020-10-26T03:48:10Z" duration-ms="123426">
      <class name="practise.AppiumFramework.Ecommerce_tc_4">
        <test-method signature="totalValidation()[pri:0, instance:practise.AppiumFramework.Ecommerce_tc_4@65b3f4a4]" started-at="2020-10-26T03:46:06Z" name="totalValidation" finished-at="2020-10-26T03:46:59Z" duration-ms="52407" status="PASS">
          <reporter-output>
          </reporter-output>
        </test-method> <!-- totalValidation -->
      </class> <!-- practise.AppiumFramework.Ecommerce_tc_4 -->
      <class name="practise.AppiumFramework.ApiDemoTest">
        <test-method signature="apiDemoTest(java.lang.String)[pri:0, instance:practise.AppiumFramework.ApiDemoTest@f2ff811]" started-at="2020-10-26T03:46:59Z" name="apiDemoTest" data-provider="InputData" finished-at="2020-10-26T03:47:35Z" duration-ms="36318" status="PASS">
          <params>
            <param index="0">
              <value>
                <![CDATA[hello]]>
              </value>
            </param>
          </params>
          <reporter-output>
          </reporter-output>
        </test-method> <!-- apiDemoTest -->
        <test-method signature="apiDemoTest(java.lang.String)[pri:0, instance:practise.AppiumFramework.ApiDemoTest@f2ff811]" started-at="2020-10-26T03:47:35Z" name="apiDemoTest" data-provider="InputData" finished-at="2020-10-26T03:48:10Z" duration-ms="34517" status="PASS">
          <params>
            <param index="0">
              <value>
                <![CDATA[@#$%]]>
              </value>
            </param>
          </params>
          <reporter-output>
          </reporter-output>
        </test-method> <!-- apiDemoTest -->
      </class> <!-- practise.AppiumFramework.ApiDemoTest -->
    </test> <!-- Test -->
  </suite> <!-- Suite -->
</testng-results>
